Microsoft (R) Macro Assembler Version 14.11.25507.1	    10/29/17 11:56:44
Main.asm						     Page 1 - 1


				.386
				.model flat,stdcall
				.stack 4096

				ExitProcess proto,dwExitCode:dword
				SendMessageA PROTO STDCALL :DWORD,:DWORD,:DWORD,:DWORD
 = SendMessageA			SendMessage equ <SendMessageA>

 00000000			.code
 00000000			main proc
					invoke SendMessage,65535,274,61808,2
					invoke ExitProcess,0
 0000001D			main endp
				end main
Microsoft (R) Macro Assembler Version 14.11.25507.1	    10/29/17 11:56:44
Main.asm						     Symbols 2 - 1




Segments and Groups:

                N a m e                 Size     Length   Align   Combine Class

FLAT . . . . . . . . . . . . . .	GROUP
STACK  . . . . . . . . . . . . .	32 Bit	 00001000 DWord	  Stack	  'STACK'	 
_DATA  . . . . . . . . . . . . .	32 Bit	 00000000 DWord	  Public  'DATA'	
_TEXT  . . . . . . . . . . . . .	32 Bit	 0000001D DWord	  Public  'CODE'	


Procedures, parameters, and locals:

                N a m e                 Type     Value    Attr

ExitProcess  . . . . . . . . . .	P Near	 00000000 FLAT	Length= 00000000 External STDCALL
SendMessageA . . . . . . . . . .	P Near	 00000000 FLAT	Length= 00000000 External STDCALL
main . . . . . . . . . . . . . .	P Near	 00000000 _TEXT	Length= 0000001D Public STDCALL


Symbols:

                N a m e                 Type     Value    Attr

@CodeSize  . . . . . . . . . . .	Number	 00000000h   
@DataSize  . . . . . . . . . . .	Number	 00000000h   
@Interface . . . . . . . . . . .	Number	 00000003h   
@Model . . . . . . . . . . . . .	Number	 00000007h   
@code  . . . . . . . . . . . . .	Text   	 _TEXT
@data  . . . . . . . . . . . . .	Text   	 FLAT
@fardata?  . . . . . . . . . . .	Text   	 FLAT
@fardata . . . . . . . . . . . .	Text   	 FLAT
@stack . . . . . . . . . . . . .	Text   	 FLAT
SendMessage  . . . . . . . . . .	Text   	 SendMessageA

	   0 Warnings
	   0 Errors
